c:\users\jschlu\downloads\planetarysystemtemplate\planetarysystemtemplate\debug\glm.obj
c:\users\jschlu\downloads\planetarysystemtemplate\planetarysystemtemplate\debug\loadtexture.obj
c:\users\jschlu\downloads\planetarysystemtemplate\planetarysystemtemplate\debug\main.obj
c:\users\jschlu\downloads\planetarysystemtemplate\planetarysystemtemplate\debug\render.obj
c:\users\jschlu\downloads\planetarysystemtemplate\planetarysystemtemplate\debug\vc100.pdb
c:\users\jschlu\downloads\planetarysystemtemplate\planetarysystemtemplate\debug\planetarysystemtemplate.ilk
c:\users\jschlu\downloads\planetarysystemtemplate\planetarysystemtemplate\debug\planetarysystemtemplate.exe
c:\users\jschlu\downloads\planetarysystemtemplate\planetarysystemtemplate\debug\planetarysystemtemplate.exe.intermediate.manifest
c:\users\jschlu\downloads\planetarysystemtemplate\planetarysystemtemplate\debug\planetarysystemtemplate.pdb
c:\users\jonat\desktop\solarsystem_with_jet\planetarysystemtemplate\debug\vc140.pdb
c:\users\jonat\desktop\solarsystem_with_jet\planetarysystemtemplate\debug\vc140.idb
c:\users\jonat\desktop\solarsystem_with_jet\planetarysystemtemplate\debug\glm.obj
c:\users\jonat\desktop\solarsystem_with_jet\planetarysystemtemplate\debug\main.obj
c:\users\jonat\desktop\solarsystem_with_jet\planetarysystemtemplate\debug\render.obj
c:\users\jonat\desktop\solarsystem_with_jet\planetarysystemtemplate\debug\loadtexture.obj
c:\users\jonat\desktop\solarsystem_with_jet\planetarysystemtemplate\debug\cl.command.1.tlog
c:\users\jonat\desktop\solarsystem_with_jet\planetarysystemtemplate\debug\cl.read.1.tlog
c:\users\jonat\desktop\solarsystem_with_jet\planetarysystemtemplate\debug\cl.write.1.tlog
c:\users\jonat\desktop\solarsystem_with_jet\planetarysystemtemplate\debug\link.command.1.tlog
c:\users\jonat\desktop\solarsystem_with_jet\planetarysystemtemplate\debug\link.read.1.tlog
c:\users\jonat\desktop\solarsystem_with_jet\planetarysystemtemplate\debug\link.write.1.tlog
c:\users\jonat\desktop\solarsystem_with_jet\planetarysystemtemplate\debug\mt.command.1.tlog
c:\users\jonat\desktop\solarsystem_with_jet\planetarysystemtemplate\debug\mt.read.1.tlog
c:\users\jonat\desktop\solarsystem_with_jet\planetarysystemtemplate\debug\mt.write.1.tlog
c:\users\jonat\desktop\solarsystem_with_jet\planetarysystemtemplate\debug\planetarysystemtemplate.exe.intermediate.manifest
c:\users\jonat\desktop\solarsystem_with_jet\planetarysystemtemplate\debug\vc100.idb
c:\users\jonat\desktop\solarsystem_with_jet\planetarysystemtemplate\debug\planetarysystemtemplate.pdb
c:\users\jonat\desktop\solarsystem_with_jet\planetarysystemtemplate\debug\vc100.pdb
c:\users\jonat\desktop\solarsystem_with_jet\planetarysystemtemplate\debug\planetar.d9e591d8.tlog\cl.command.1.tlog
c:\users\jonat\desktop\solarsystem_with_jet\planetarysystemtemplate\debug\planetar.d9e591d8.tlog\cl.read.1.tlog
c:\users\jonat\desktop\solarsystem_with_jet\planetarysystemtemplate\debug\planetar.d9e591d8.tlog\cl.write.1.tlog
c:\users\jonat\desktop\solarsystem_with_jet\planetarysystemtemplate\debug\planetar.d9e591d8.tlog\link-cvtres.read.1.tlog
c:\users\jonat\desktop\solarsystem_with_jet\planetarysystemtemplate\debug\planetar.d9e591d8.tlog\link-cvtres.write.1.tlog
c:\users\jonat\desktop\solarsystem_with_jet\planetarysystemtemplate\debug\planetar.d9e591d8.tlog\link-rc.read.1.tlog
c:\users\jonat\desktop\solarsystem_with_jet\planetarysystemtemplate\debug\planetar.d9e591d8.tlog\link-rc.write.1.tlog
c:\users\jonat\desktop\solarsystem_with_jet\planetarysystemtemplate\debug\planetar.d9e591d8.tlog\link.command.1.tlog
c:\users\jonat\desktop\solarsystem_with_jet\planetarysystemtemplate\debug\planetar.d9e591d8.tlog\link.read.1.tlog
c:\users\jonat\desktop\solarsystem_with_jet\planetarysystemtemplate\debug\planetar.d9e591d8.tlog\link.write.1.tlog
